!SESSION 2018-04-17 19:20:43.157 -----------------------------------------------
eclipse.buildId=unknown
java.version=1.8.0_162
java.vendor=Oracle Corporation
BootLoader constants: OS=linux, ARCH=x86, WS=gtk, NL=es_ES
Command-line arguments:  -os linux -ws gtk -arch x86

!ENTRY org.eclipse.osgi 4 0 2018-04-17 19:20:44.078
!MESSAGE Application error
!STACK 1
java.lang.UnsatisfiedLinkError: Cannot load 32-bit SWT libraries on 64-bit JVM
	at org.eclipse.swt.internal.Library.loadLibrary(Library.java:217)
	at org.eclipse.swt.internal.Library.loadLibrary(Library.java:194)
	at org.eclipse.swt.internal.C.<clinit>(C.java:21)
	at org.eclipse.swt.internal.Converter.wcsToMbcs(Converter.java:63)
	at org.eclipse.swt.internal.Converter.wcsToMbcs(Converter.java:54)
	at org.eclipse.swt.widgets.Display.<clinit>(Display.java:132)
	at org.eclipse.ui.internal.Workbench.createDisplay(Workbench.java:690)
	at org.eclipse.ui.PlatformUI.createDisplay(PlatformUI.java:161)
	at com.jasperwave.rcp.JasperWaveApplication.start(JasperWaveApplication.java:21)
	at org.eclipse.equinox.internal.app.EclipseAppHandle.run(EclipseAppHandle.java:196)
	at org.eclipse.core.runtime.internal.adaptor.EclipseAppLauncher.runApplication(EclipseAppLauncher.java:110)
	at org.eclipse.core.runtime.internal.adaptor.EclipseAppLauncher.start(EclipseAppLauncher.java:79)
	at org.eclipse.core.runtime.adaptor.EclipseStarter.run(EclipseStarter.java:344)
	at org.eclipse.core.runtime.adaptor.EclipseStarter.run(EclipseStarter.java:179)
	at sun.reflect.NativeMethodAccessorImpl.invoke0(Native Method)
	at sun.reflect.NativeMethodAccessorImpl.invoke(NativeMethodAccessorImpl.java:62)
	at sun.reflect.DelegatingMethodAccessorImpl.invoke(DelegatingMethodAccessorImpl.java:43)
	at java.lang.reflect.Method.invoke(Method.java:498)
	at org.eclipse.equinox.launcher.Main.invokeFramework(Main.java:622)
	at org.eclipse.equinox.launcher.Main.basicRun(Main.java:577)
	at org.eclipse.equinox.launcher.Main.run(Main.java:1410)
	at org.eclipse.equinox.launcher.Main.main(Main.java:1386)
